Command line:
   alucombine_isim_beh.exe
     -simmode  gui
     -simrunnum  0
     -socket  7599

Sat Apr 30 13:47:10 2016


 Elaboration Time: 0.03125 sec

 Current Memory Usage: 839.295 Meg

 Total Signals          : 20
 Total Nets             : 407
 Total Signal Drivers   : 13
 Total Blocks           : 3
 Total Primitive Blocks : 3
 Total Processes        : 1
 Total Traceable Variables  : 13
 Total Scalar Nets and Variables : 890
Total Line Count : 123

 Total Simulation Time: 0.046875 sec

 Current Memory Usage: 682.009 Meg

Sat Apr 30 14:02:35 2016

