ISim log file
Running: E:\4th Sem\comp-arch\assignment3\shivank\alucombine_isim_beh.exe -intstyle ise -gui -tclbatch isim.cmd -wdb E:/4th Sem/comp-arch/assignment3/shivank/alucombine_isim_beh.wdb 
ISim P.49d (signature 0x7708f090)
WARNING: A WEBPACK license was found.
WARNING: Please use Xilinx License Configuration Manager to check out a full ISim license.
WARNING: ISim will run in Lite mode. Please refer to the ISim documentation for more information on the differences between the Lite and the Full version.
This is a Lite version of ISim.
Time resolution is 1 ps
# onerror resume
# wave add /
# run 1000 ns
Simulator is doing circuit initialization process.
Finished circuit initialization process.
# isim force add /alucombine/a 00000000000000000000000000000011 -radix bin
# isim force add /alucombine/b 00000000000000000000000000000100 -radix bin
# isim force add /alucombine/oper 0100 -radix bin
# isim force add /alucombine/oper 0100 -radix bin
# isim force add /alucombine/tempclk 1 -radix bin -value 0 -radix bin -time 5 ns -repeat 10 ns
# isim force add /alucombine/tempclk 1 -radix bin -value 0 -radix bin -time 5 ns -repeat 10 ns
# run 1.00us
# isim force add /alucombine/cin 0 -radix bin
# isim force add /alucombine/cin 0 -radix bin
# isim force add /alucombine/sbit 0 -radix bin
# isim force add /alucombine/sbit 0 -radix bin
# isim force add /alucombine/mul 0 -radix bin
# isim force add /alucombine/mul 0 -radix bin
# run 1.00us
